<html>
<head>
<title>TestNG:  Default test</title>
<link href="../testng.css" rel="stylesheet" type="text/css" />
<link href="../my-testng.css" rel="stylesheet" type="text/css" />

<style type="text/css">
.log { display: none;} 
.stack-trace { display: none;} 
</style>
<script type="text/javascript">
<!--
function flip(e) {
  current = e.style.display;
  if (current == 'block') {
    e.style.display = 'none';
    return 0;
  }
  else {
    e.style.display = 'block';
    return 1;
  }
}

function toggleBox(szDivId, elem, msg1, msg2)
{
  var res = -1;  if (document.getElementById) {
    res = flip(document.getElementById(szDivId));
  }
  else if (document.all) {
    // this is the way old msie versions work
    res = flip(document.all[szDivId]);
  }
  if(elem) {
    if(res == 0) elem.innerHTML = msg1; else elem.innerHTML = msg2;
  }

}

function toggleAllBoxes() {
  if (document.getElementsByTagName) {
    d = document.getElementsByTagName('div');
    for (i = 0; i < d.length; i++) {
      if (d[i].className == 'log') {
        flip(d[i]);
      }
    }
  }
}

// -->
</script>

</head>
<body>
<h2 align='center'>Default test</h2><table border='1' align="center">
<tr>
<td>Tests passed/Failed/Skipped:</td><td>4/0/0</td>
</tr><tr>
<td>Started on:</td><td>Tue May 01 16:52:06 AEST 2018</td>
</tr>
<tr><td>Total time:</td><td>3 seconds (3015 ms)</td>
</tr><tr>
<td>Included groups:</td><td></td>
</tr><tr>
<td>Excluded groups:</td><td></td>
</tr>
</table><p/>
<small><i>(Hover the method name to see the test class name)</i></small><p/>
<table width='100%' border='1' class='invocation-passed'>
<tr><td colspan='4' align='center'><b>PASSED TESTS</b></td></tr>
<tr><td><b>Test method</b></td>
<td width="30%"><b>Exception</b></td>
<td width="10%"><b>Time (seconds)</b></td>
<td><b>Instance</b></td>
</tr>
<tr>
<td title='com.github.dionmcm.ncts.syndication.client.clientTest.downloadsAllFilesInCategory()'><b>downloadsAllFilesInCategory</b><br>Test class: com.github.dionmcm.ncts.syndication.client.clientTest</td>
<td></td>
<td>0</td>
<td>com.github.dionmcm.ncts.syndication.client.clientTest@498d318c</td></tr>
<tr>
<td title='com.github.dionmcm.ncts.syndication.client.clientTest.downloadsFilesFromMultipleCategories()'><b>downloadsFilesFromMultipleCategories</b><br>Test class: com.github.dionmcm.ncts.syndication.client.clientTest</td>
<td></td>
<td>0</td>
<td>com.github.dionmcm.ncts.syndication.client.clientTest@498d318c</td></tr>
<tr>
<td title='com.github.dionmcm.ncts.syndication.client.clientTest.downloadsLatestInCategory()'><b>downloadsLatestInCategory</b><br>Test class: com.github.dionmcm.ncts.syndication.client.clientTest</td>
<td></td>
<td>0</td>
<td>com.github.dionmcm.ncts.syndication.client.clientTest@498d318c</td></tr>
<tr>
<td title='com.github.dionmcm.ncts.syndication.client.clientTest.hashMismatchInSyndicationThrowsException()'><b>hashMismatchInSyndicationThrowsException</b><br>Test class: com.github.dionmcm.ncts.syndication.client.clientTest</td>
<td><div><pre>com.github.dionmcm.ncts.syndication.client.HashValidationFailureException: File /Users/patrick/git/ncts-syndication-client/ncts-syndication-client-library/src/test/java/com/github/dionmcm/ncts/syndication/client/Test_Client/green1.r2 with hash 63640264849a87c90356129d99ea165e37aa5fabc1fea46906df1a7ca50db492 and length 11 once downloaded did not match the advertised hash thisHashIsIncorrect and/or length 11. Downloaded file deleted, process aborted.
	at com.github.dionmcm.ncts.syndication.client.NctsFileDownloader.downloadFile(NctsFileDownloader.java:141)
	at com.github.dionmcm.ncts.syndication.client.NctsFileDownloader.downloadEntry(NctsFileDownloader.java:111)
	at com.github.dionmcm.ncts.syndication.client.SyndicationClient.download(SyndicationClient.java:96)
	at com.github.dionmcm.ncts.syndication.client.SyndicationClient.downloadLatestFromCategories(SyndicationClient.java:121)
	at com.github.dionmcm.ncts.syndication.client.SyndicationClient.downloadLatest(SyndicationClient.java:149)
	at com.github.dionmcm.ncts.syndication.client.clientTest.hashMismatchInSyndicationThrowsException(clientTest.java:124)
	at sun.reflect.NativeMethodAccessorImpl.invoke0(Native Method)
	at sun.reflect.NativeMethodAccessorImpl.invoke(NativeMethodAccessorImpl.java:62)
	at sun.reflect.DelegatingMethodAccessorImpl.invoke(DelegatingMethodAccessorImpl.java:43)
	at java.lang.reflect.Method.invoke(Method.java:498)
	at org.testng.internal.MethodInvocationHelper.invokeMethod(MethodInvocationHelper.java:124)
	at org.testng.internal.Invoker.invokeMethod(Invoker.java:580)
	at org.testng.internal.Invoker.invokeTestMethod(Invoker.java:716)
	at org.testng.internal.Invoker.invokeTestMethods(Invoker.java:988)
	at org.testng.internal.TestMethodWorker.invokeTestMethods(TestMethodWorker.java:125)
	at org.testng.internal.TestMethodWorker.run(TestMethodWorker.java:109)
	at org.testng.TestRunner.privateRun(TestRunner.java:648)
	at org.testng.TestRunner.run(TestRunner.java:505)
	at org.testng.SuiteRunner.runTest(SuiteRunner.java:455)
	at org.testng.SuiteRunner.runSequentially(SuiteRunner.java:450)
	at org.testng.SuiteRunner.privateRun(SuiteRunner.java:415)
	at org.testng.SuiteRunner.run(SuiteRunner.java:364)
	at org.testng.SuiteRunnerWorker.runSuite(SuiteRunnerWorker.java:52)
	at org.testng.SuiteRunnerWorker.run(SuiteRunnerWorker.java:84)
	at org.testng.TestNG.runSuitesSequentially(TestNG.java:1208)
	at org.testng.TestNG.runSuitesLocally(TestNG.java:1137)
	at org.testng.TestNG.runSuites(TestNG.java:1049)
	at org.testng.TestNG.run(TestNG.java:1017)
	at org.testng.remote.AbstractRemoteTestNG.run(AbstractRemoteTestNG.java:114)
	at org.testng.remote.RemoteTestNG.initAndRun(RemoteTestNG.java:251)
	at org.testng.remote.RemoteTestNG.main(RemoteTestNG.java:77)
</pre></div><a href='#' onClick='toggleBox("stack-trace351216770", this, "Click to show all stack frames", "Click to hide stack frames")'>Click to show all stack frames</a>
<div class='stack-trace' id='stack-trace351216770'><pre>com.github.dionmcm.ncts.syndication.client.HashValidationFailureException: File /Users/patrick/git/ncts-syndication-client/ncts-syndication-client-library/src/test/java/com/github/dionmcm/ncts/syndication/client/Test_Client/green1.r2 with hash 63640264849a87c90356129d99ea165e37aa5fabc1fea46906df1a7ca50db492 and length 11 once downloaded did not match the advertised hash thisHashIsIncorrect and/or length 11. Downloaded file deleted, process aborted.
	at com.github.dionmcm.ncts.syndication.client.NctsFileDownloader.downloadFile(NctsFileDownloader.java:141)
	at com.github.dionmcm.ncts.syndication.client.NctsFileDownloader.downloadEntry(NctsFileDownloader.java:111)
	at com.github.dionmcm.ncts.syndication.client.SyndicationClient.download(SyndicationClient.java:96)
	at com.github.dionmcm.ncts.syndication.client.SyndicationClient.downloadLatestFromCategories(SyndicationClient.java:121)
	at com.github.dionmcm.ncts.syndication.client.SyndicationClient.downloadLatest(SyndicationClient.java:149)
	at com.github.dionmcm.ncts.syndication.client.clientTest.hashMismatchInSyndicationThrowsException(clientTest.java:124)
	at sun.reflect.NativeMethodAccessorImpl.invoke0(Native Method)
	at sun.reflect.NativeMethodAccessorImpl.invoke(NativeMethodAccessorImpl.java:62)
	at sun.reflect.DelegatingMethodAccessorImpl.invoke(DelegatingMethodAccessorImpl.java:43)
	at java.lang.reflect.Method.invoke(Method.java:498)
	at org.testng.internal.MethodInvocationHelper.invokeMethod(MethodInvocationHelper.java:124)
	at org.testng.internal.Invoker.invokeMethod(Invoker.java:580)
	at org.testng.internal.Invoker.invokeTestMethod(Invoker.java:716)
	at org.testng.internal.Invoker.invokeTestMethods(Invoker.java:988)
	at org.testng.internal.TestMethodWorker.invokeTestMethods(TestMethodWorker.java:125)
	at org.testng.internal.TestMethodWorker.run(TestMethodWorker.java:109)
	at org.testng.TestRunner.privateRun(TestRunner.java:648)
	at org.testng.TestRunner.run(TestRunner.java:505)
	at org.testng.SuiteRunner.runTest(SuiteRunner.java:455)
	at org.testng.SuiteRunner.runSequentially(SuiteRunner.java:450)
	at org.testng.SuiteRunner.privateRun(SuiteRunner.java:415)
	at org.testng.SuiteRunner.run(SuiteRunner.java:364)
	at org.testng.SuiteRunnerWorker.runSuite(SuiteRunnerWorker.java:52)
	at org.testng.SuiteRunnerWorker.run(SuiteRunnerWorker.java:84)
	at org.testng.TestNG.runSuitesSequentially(TestNG.java:1208)
	at org.testng.TestNG.runSuitesLocally(TestNG.java:1137)
	at org.testng.TestNG.runSuites(TestNG.java:1049)
	at org.testng.TestNG.run(TestNG.java:1017)
	at org.testng.remote.AbstractRemoteTestNG.run(AbstractRemoteTestNG.java:114)
	at org.testng.remote.RemoteTestNG.initAndRun(RemoteTestNG.java:251)
	at org.testng.remote.RemoteTestNG.main(RemoteTestNG.java:77)
</pre></div></td>
<td>0</td>
<td>com.github.dionmcm.ncts.syndication.client.clientTest@498d318c</td></tr>
</table><p>
</body>
</html>